<?xml version="1.0" encoding="UTF-8"?>
<testsuite xmlns:xsi="http://www.w3.org/2001/XMLSchema-instance" xsi:noNamespaceSchemaLocation="https://maven.apache.org/surefire/maven-surefire-plugin/xsd/surefire-test-report.xsd" name="dev.datainmotion.gtfs.GTFSRealTimeProcessorTest" time="0.667" tests="2" errors="0" skipped="0" failures="0">
  <properties>
[...]
</properties>
  <testcase name="testProcessorWithBadURL" classname="dev.datainmotion.gtfs.GTFSRealTimeProcessorTest" time="0.176"/>
  <testcase name="testProcessor" classname="dev.datainmotion.gtfs.GTFSRealTimeProcessorTest" time="0.454"/>
</testsuite>